  Application3D.cpp
  Camera.cpp
  FlyCamera.cpp
C:\Users\disckord\Desktop\Computer Graphics\Workspace\3DGraphics\3DGraphics\FlyCamera.cpp(22,79): warning C4244: '=': conversion from 'int' to 'T', possible loss of data
          with
          [
              T=float
          ]
C:\Users\disckord\Desktop\Computer Graphics\Workspace\3DGraphics\3DGraphics\FlyCamera.cpp(23,79): warning C4244: '=': conversion from 'int' to 'T', possible loss of data
          with
          [
              T=float
          ]
C:\Users\disckord\Desktop\Computer Graphics\Workspace\3DGraphics\3DGraphics\FlyCamera.cpp(24,83): warning C4244: '=': conversion from 'int' to 'T', possible loss of data
          with
          [
              T=float
          ]
  GuiHud.cpp
C:\Users\disckord\Desktop\Computer Graphics\Workspace\3DGraphics\3DGraphics\GuiHud.cpp(28,112): warning C4244: 'argument': conversion from 'unsigned int' to 'float', possible loss of data
  main.cpp
  MouseHelper.cpp
LINK : fatal error LNK1181: cannot open input file 'bootstrap.lib'
